<?xml version="1.0" encoding="UTF-8"?>
<!-- Generated by org.testng.reporters.JUnitXMLReporter -->
<testsuite hostname="DESKTOP-O8MMCF7" ignored="0" name="Test" tests="4" failures="0" timestamp="2020-05-09T21:02:16 IST" time="137.965" errors="0">
  <testcase name="basePageNvigation" time="0.82" classname="Academy.validationnavigationbar"/>
  <testcase name="basePageNvigation" time="0.644" classname="Academy.validation"/>
  <testcase name="basePageNvigation" time="50.515" classname="Academy.Homepage"/>
  <testcase name="basePageNvigation" time="25.406" classname="Academy.Homepage"/>
</testsuite> <!-- Test -->
