<?xml version="1.0" encoding="UTF-8"?>
<!-- Generated by org.testng.reporters.JUnitXMLReporter -->
<testsuite hostname="DESKTOP-O8MMCF7" ignored="0" name="validating text message" tests="1" failures="1" timestamp="2020-05-11T09:21:34 IST" time="13.081" errors="0">
  <testcase name="validatingTest" time="0.339" classname="Academy.validation">
    <failure type="java.lang.AssertionError" message="expected [FEATURED COURSES1] but found [FEATURED COURSES]">
      <![CDATA[java.lang.AssertionError: expected [FEATURED COURSES1] but found [FEATURED COURSES]
at Academy.validation.validatingTest(validation.java:32)
at java.util.ArrayList.forEach(Unknown Source)
... Removed 32 stack frames]]>
    </failure>
  </testcase> <!-- validatingTest -->
</testsuite> <!-- validating text message -->
