<?xml version="1.0" encoding="UTF-8"?>
<!-- Generated by org.testng.reporters.JUnitXMLReporter -->
<testsuite ignored="0" hostname="DESKTOP-O8MMCF7" failures="0" tests="4" name="Test" time="228.763" errors="0" timestamp="2020-05-10T10:36:50 IST">
  <testcase classname="Academy.validationnavigationbar" name="basePageNvigation" time="1.562"/>
  <testcase classname="Academy.validation" name="basePageNvigation" time="0.423"/>
  <testcase classname="Academy.Homepage" name="basePageNvigation" time="64.794"/>
  <testcase classname="Academy.Homepage" name="basePageNvigation" time="47.644"/>
</testsuite> <!-- Test -->
