<?xml version="1.0" encoding="UTF-8"?>
<!-- Generated by org.testng.reporters.JUnitXMLReporter -->
<testsuite ignored="0" hostname="DESKTOP-O8MMCF7" failures="1" tests="2" name="validating text message" time="21.036" errors="0" timestamp="2020-05-11T22:59:47 IST">
  <testcase classname="Academy.validation" name="validatingAppTest" time="0.267">
    <failure type="java.lang.AssertionError" message="expected [FEATURED COURSES1] but found [FEATURED COURSES]">
      <![CDATA[java.lang.AssertionError: expected [FEATURED COURSES1] but found [FEATURED COURSES]
at Academy.validation.validatingAppTest(validation.java:35)
at java.base/java.util.ArrayList.forEach(ArrayList.java:1507)
... Removed 36 stack frames]]>
    </failure>
  </testcase> <!-- validatingAppTest -->
  <testcase classname="Academy.validation" name="validatingHeader" time="0.622"/>
</testsuite> <!-- validating text message -->
