-------------------------------------------------------------------------------
Test set: TestSuite
-------------------------------------------------------------------------------
Tests run: 5, Failures: 1, Errors: 0, Skipped: 0, Time elapsed: 155.688 s <<< FAILURE! - in TestSuite
validatingAppTest(Academy.validation)  Time elapsed: 0.001 s  <<< FAILURE!
java.lang.AssertionError: expected [FEATURED COURSES1] but found [FEATURED COURSES]
	at Academy.validation.validatingAppTest(validation.java:35)

