<?xml version="1.0" encoding="UTF-8"?>
<testsuite xmlns:xsi="http://www.w3.org/2001/XMLSchema-instance" xsi:noNamespaceSchemaLocation="https://maven.apache.org/surefire/maven-surefire-plugin/xsd/surefire-test-report.xsd" name="TestSuite" time="155.688" tests="5" errors="0" skipped="0" failures="1">
  <properties>
[...]
</properties>
  <testcase name="validatingnavigationbar" classname="Academy.validationnavigationbar" time="0.002"/>
  <testcase name="validatingAppTest" classname="Academy.validation" time="0.001">
    <failure message="expected [FEATURED COURSES1] but found [FEATURED COURSES]" type="java.lang.AssertionError">java.lang.AssertionError: expected [FEATURED COURSES1] but found [FEATURED COURSES]
	at Academy.validation.validatingAppTest(validation.java:35)
</failure>
    <system-err><![CDATA[Starting ChromeDriver 81.0.4044.69 (6813546031a4bc83f717a2ef7cd4ac6ec1199132-refs/branch-heads/4044@{#776}) on port 46528
Only local connections are allowed.
Please protect ports used by ChromeDriver and related test frameworks to prevent access by malicious code.
May 11, 2020 10:59:30 PM org.openqa.selenium.remote.ProtocolHandshake createSession
INFO: Detected dialect: W3C
[1589218172.191][SEVERE]: Timed out receiving message from renderer: 0.100
[1589218172.309][SEVERE]: Timed out receiving message from renderer: 0.100
[1589218172.417][SEVERE]: Timed out receiving message from renderer: 0.100
[1589218172.520][SEVERE]: Timed out receiving message from renderer: 0.100
[1589218172.676][SEVERE]: Timed out receiving message from renderer: 0.100
[1589218172.802][SEVERE]: Timed out receiving message from renderer: 0.100
[1589218172.905][SEVERE]: Timed out receiving message from renderer: 0.100
[1589218173.018][SEVERE]: Timed out receiving message from renderer: 0.100
[1589218173.136][SEVERE]: Timed out receiving message from renderer: 0.100
[1589218173.240][SEVERE]: Timed out receiving message from renderer: 0.100
[1589218173.344][SEVERE]: Timed out receiving message from renderer: 0.100
[1589218173.447][SEVERE]: Timed out receiving message from renderer: 0.100
[1589218174.263][SEVERE]: Timed out receiving message from renderer: 0.100
[1589218174.615][SEVERE]: Timed out receiving message from renderer: 0.100
[1589218174.915][SEVERE]: Timed out receiving message from renderer: 0.100
[1589218175.040][SEVERE]: Timed out receiving message from renderer: 0.100
[1589218175.153][SEVERE]: Timed out receiving message from renderer: 0.100
[1589218175.586][SEVERE]: Timed out receiving message from renderer: 0.100
[1589218175.704][SEVERE]: Timed out receiving message from renderer: 0.100
[1589218175.810][SEVERE]: Timed out receiving message from renderer: 0.100
[1589218175.918][SEVERE]: Timed out receiving message from renderer: 0.100
[1589218176.168][SEVERE]: Timed out receiving message from renderer: 0.100
[1589218176.336][SEVERE]: Timed out receiving message from renderer: 0.100
[1589218176.464][SEVERE]: Timed out receiving message from renderer: 0.100
[1589218176.673][SEVERE]: Timed out receiving message from renderer: 0.100
[1589218176.787][SEVERE]: Timed out receiving message from renderer: 0.100
[1589218176.901][SEVERE]: Timed out receiving message from renderer: 0.100
[1589218177.090][SEVERE]: Timed out receiving message from renderer: 0.100
[1589218177.359][SEVERE]: Timed out receiving message from renderer: 0.100
[1589218177.496][SEVERE]: Timed out receiving message from renderer: 0.100
[1589218177.656][SEVERE]: Timed out receiving message from renderer: 0.100
[1589218179.791][SEVERE]: Timed out receiving message from renderer: 0.100
[1589218179.921][SEVERE]: Timed out receiving message from renderer: 0.100
[1589218180.032][SEVERE]: Timed out receiving message from renderer: 0.100
[1589218180.140][SEVERE]: Timed out receiving message from renderer: 0.100
[1589218180.309][SEVERE]: Timed out receiving message from renderer: 0.100
[1589218180.415][SEVERE]: Timed out receiving message from renderer: 0.100
[1589218180.527][SEVERE]: Timed out receiving message from renderer: 0.100
[1589218180.633][SEVERE]: Timed out receiving message from renderer: 0.100
[1589218180.763][SEVERE]: Timed out receiving message from renderer: 0.100
[1589218180.876][SEVERE]: Timed out receiving message from renderer: 0.100
[1589218181.089][SEVERE]: Timed out receiving message from renderer: 0.100
[1589218181.198][SEVERE]: Timed out receiving message from renderer: 0.100
[1589218181.303][SEVERE]: Timed out receiving message from renderer: 0.100
[1589218181.420][SEVERE]: Timed out receiving message from renderer: 0.100
[1589218181.537][SEVERE]: Timed out receiving message from renderer: 0.100
[1589218181.668][SEVERE]: Timed out receiving message from renderer: 0.100
[1589218181.820][SEVERE]: Timed out receiving message from renderer: 0.100
[1589218181.951][SEVERE]: Timed out receiving message from renderer: 0.100
[1589218182.086][SEVERE]: Timed out receiving message from renderer: 0.100
[1589218182.219][SEVERE]: Timed out receiving message from renderer: 0.100
[1589218182.330][SEVERE]: Timed out receiving message from renderer: 0.100
[1589218182.453][SEVERE]: Timed out receiving message from renderer: 0.100
[1589218182.558][SEVERE]: Timed out receiving message from renderer: 0.100
[1589218182.660][SEVERE]: Timed out receiving message from renderer: 0.100
[1589218182.764][SEVERE]: Timed out receiving message from renderer: 0.100
[1589218182.875][SEVERE]: Timed out receiving message from renderer: 0.100
[1589218182.979][SEVERE]: Timed out receiving message from renderer: 0.100
[1589218183.082][SEVERE]: Timed out receiving message from renderer: 0.100
[1589218183.197][SEVERE]: Timed out receiving message from renderer: 0.100
[1589218183.425][SEVERE]: Timed out receiving message from renderer: 0.100
[1589218183.791][SEVERE]: Timed out receiving message from renderer: 0.100
[1589218183.920][SEVERE]: Timed out receiving message from renderer: 0.100
[1589218184.067][SEVERE]: Timed out receiving message from renderer: 0.100
[1589218184.186][SEVERE]: Timed out receiving message from renderer: 0.100
]]></system-err>
  </testcase>
  <testcase name="validatingHeader" classname="Academy.validation" time="0.622"/>
  <testcase name="landingpagevalidation" classname="Academy.Homepage" time="49.559"/>
  <testcase name="landingpagevalidation" classname="Academy.Homepage" time="31.313"/>
</testsuite>